<?xml version="1.0" encoding="UTF-8"?>
<!-- Generated by org.testng.reporters.JUnitXMLReporter -->
<testsuite ignored="0" hostname="SANTOSH-PC" failures="0" tests="3" name="Default test" time="64.658" errors="0" timestamp="25 Oct 2019 20:05:16 GMT">
  <testcase classname="com.InetBanking.tests.CreateContactTest" name="checkContactPageHeader" time="4.883"/>
  <testcase classname="com.InetBanking.tests.CreateContactTest" name="checkCreateContactPageHeader" time="2.815"/>
  <testcase classname="com.InetBanking.tests.CreateContactTest" name="createContact" time="12.367"/>
</testsuite> <!-- Default test -->
