<?xml version="1.0" encoding="UTF-8"?>
<testng-results ignored="0" total="2" passed="2" failed="0" skipped="0">
  <reporter-output>
  </reporter-output>
  <suite started-at="2019-06-21T21:19:45Z" name="INetBankingV2" finished-at="2019-06-21T21:21:58Z" duration-ms="132924">
    <groups>
    </groups>
    <test started-at="2019-06-21T21:19:45Z" name="ChromeTest" finished-at="2019-06-21T21:21:58Z" duration-ms="132924">
      <class name="com.InetBanking.testCases.TC_LoginTest_001">
        <test-method is-config="true" signature="openApplication(java.lang.String)[pri:0, instance:com.InetBanking.testCases.TC_LoginTest_001@56c4278e]" started-at="2019-06-21T21:19:49Z" name="openApplication" finished-at="2019-06-21T21:21:09Z" duration-ms="80189" status="PASS">
          <params>
            <param index="0">
              <value>
                <![CDATA[chrome]]>
              </value>
            </param>
          </params>
          <reporter-output>
          </reporter-output>
        </test-method> <!-- openApplication -->
        <test-method signature="loginTest()[pri:0, instance:com.InetBanking.testCases.TC_LoginTest_001@56c4278e]" started-at="2019-06-21T21:21:09Z" name="loginTest" finished-at="2019-06-21T21:21:27Z" duration-ms="17800" status="PASS">
          <reporter-output>
          </reporter-output>
        </test-method> <!-- loginTest -->
        <test-method is-config="true" signature="closeApplication(org.testng.ITestResult)[pri:0, instance:com.InetBanking.testCases.TC_LoginTest_001@56c4278e]" started-at="2019-06-21T21:21:27Z" name="closeApplication" finished-at="2019-06-21T21:21:28Z" duration-ms="307" status="PASS">
          <params>
            <param index="0">
              <value>
                <![CDATA[[TestResult name=loginTest status=SUCCESS method=TC_LoginTest_001.loginTest()[pri:0, instance:com.InetBanking.testCases.TC_LoginTest_001@56c4278e] output={null}]]]>
              </value>
            </param>
          </params>
          <reporter-output>
          </reporter-output>
        </test-method> <!-- closeApplication -->
      </class> <!-- com.InetBanking.testCases.TC_LoginTest_001 -->
      <class name="com.InetBanking.testCases.TC_CreateCustomer_001">
        <test-method is-config="true" signature="openApplication(java.lang.String)[pri:0, instance:com.InetBanking.testCases.TC_CreateCustomer_001@301eda63]" started-at="2019-06-21T21:21:28Z" name="openApplication" finished-at="2019-06-21T21:21:38Z" duration-ms="10715" status="PASS">
          <params>
            <param index="0">
              <value>
                <![CDATA[chrome]]>
              </value>
            </param>
          </params>
          <reporter-output>
          </reporter-output>
        </test-method> <!-- openApplication -->
        <test-method signature="createCustomerTest()[pri:0, instance:com.InetBanking.testCases.TC_CreateCustomer_001@301eda63]" started-at="2019-06-21T21:21:38Z" name="createCustomerTest" finished-at="2019-06-21T21:21:58Z" duration-ms="19545" status="PASS">
          <reporter-output>
          </reporter-output>
        </test-method> <!-- createCustomerTest -->
        <test-method is-config="true" signature="closeApplication(org.testng.ITestResult)[pri:0, instance:com.InetBanking.testCases.TC_CreateCustomer_001@301eda63]" started-at="2019-06-21T21:21:58Z" name="closeApplication" finished-at="2019-06-21T21:21:58Z" duration-ms="107" status="PASS">
          <params>
            <param index="0">
              <value>
                <![CDATA[[TestResult name=createCustomerTest status=SUCCESS method=TC_CreateCustomer_001.createCustomerTest()[pri:0, instance:com.InetBanking.testCases.TC_CreateCustomer_001@301eda63] output={null}]]]>
              </value>
            </param>
          </params>
          <reporter-output>
          </reporter-output>
        </test-method> <!-- closeApplication -->
      </class> <!-- com.InetBanking.testCases.TC_CreateCustomer_001 -->
    </test> <!-- ChromeTest -->
  </suite> <!-- INetBankingV2 -->
</testng-results>
