<?xml version="1.0" encoding="UTF-8"?>
<testng-results ignored="0" total="3" passed="3" failed="0" skipped="0">
  <reporter-output>
  </reporter-output>
  <suite started-at="2019-10-25T20:04:04Z" name="Default suite" finished-at="2019-10-25T20:05:09Z" duration-ms="64658">
    <groups>
    </groups>
    <test started-at="2019-10-25T20:04:04Z" name="Default test" finished-at="2019-10-25T20:05:09Z" duration-ms="64658">
      <class name="com.InetBanking.tests.CreateContactTest">
        <test-method is-config="true" signature="setup()[pri:0, instance:com.InetBanking.tests.CreateContactTest@7803bfd]" started-at="2019-10-25T20:04:04Z" name="setup" finished-at="2019-10-25T20:04:16Z" duration-ms="11461" status="PASS">
          <reporter-output>
          </reporter-output>
        </test-method> <!-- setup -->
        <test-method signature="checkContactPageHeader()[pri:1, instance:com.InetBanking.tests.CreateContactTest@7803bfd]" started-at="2019-10-25T20:04:16Z" name="checkContactPageHeader" finished-at="2019-10-25T20:04:20Z" duration-ms="4883" status="PASS">
          <reporter-output>
          </reporter-output>
        </test-method> <!-- checkContactPageHeader -->
        <test-method is-config="true" signature="tearDown()[pri:0, instance:com.InetBanking.tests.CreateContactTest@7803bfd]" started-at="2019-10-25T20:04:20Z" name="tearDown" finished-at="2019-10-25T20:04:21Z" duration-ms="943" status="PASS">
          <reporter-output>
          </reporter-output>
        </test-method> <!-- tearDown -->
        <test-method is-config="true" signature="setup()[pri:0, instance:com.InetBanking.tests.CreateContactTest@7803bfd]" started-at="2019-10-25T20:04:21Z" name="setup" finished-at="2019-10-25T20:04:38Z" duration-ms="16131" status="PASS">
          <reporter-output>
          </reporter-output>
        </test-method> <!-- setup -->
        <test-method signature="checkCreateContactPageHeader()[pri:2, instance:com.InetBanking.tests.CreateContactTest@7803bfd]" started-at="2019-10-25T20:04:38Z" name="checkCreateContactPageHeader" finished-at="2019-10-25T20:04:40Z" duration-ms="2815" status="PASS">
          <reporter-output>
          </reporter-output>
        </test-method> <!-- checkCreateContactPageHeader -->
        <test-method is-config="true" signature="tearDown()[pri:0, instance:com.InetBanking.tests.CreateContactTest@7803bfd]" started-at="2019-10-25T20:04:40Z" name="tearDown" finished-at="2019-10-25T20:04:41Z" duration-ms="921" status="PASS">
          <reporter-output>
          </reporter-output>
        </test-method> <!-- tearDown -->
        <test-method is-config="true" signature="setup()[pri:0, instance:com.InetBanking.tests.CreateContactTest@7803bfd]" started-at="2019-10-25T20:04:41Z" name="setup" finished-at="2019-10-25T20:04:56Z" duration-ms="14301" status="PASS">
          <reporter-output>
          </reporter-output>
        </test-method> <!-- setup -->
        <test-method signature="createContact()[pri:3, instance:com.InetBanking.tests.CreateContactTest@7803bfd]" started-at="2019-10-25T20:04:56Z" name="createContact" finished-at="2019-10-25T20:05:08Z" duration-ms="12367" status="PASS">
          <reporter-output>
          </reporter-output>
        </test-method> <!-- createContact -->
        <test-method is-config="true" signature="tearDown()[pri:0, instance:com.InetBanking.tests.CreateContactTest@7803bfd]" started-at="2019-10-25T20:05:08Z" name="tearDown" finished-at="2019-10-25T20:05:09Z" duration-ms="781" status="PASS">
          <reporter-output>
          </reporter-output>
        </test-method> <!-- tearDown -->
      </class> <!-- com.InetBanking.tests.CreateContactTest -->
    </test> <!-- Default test -->
  </suite> <!-- Default suite -->
</testng-results>
