<?xml version="1.0" encoding="UTF-8"?>
<testng-results ignored="0" total="1" passed="1" failed="0" skipped="0">
  <reporter-output>
  </reporter-output>
  <suite started-at="2019-06-18T18:36:51Z" name="INetBankingV2" finished-at="2019-06-18T18:38:01Z" duration-ms="69824">
    <groups>
    </groups>
    <test started-at="2019-06-18T18:36:51Z" name="ChromeTest" finished-at="2019-06-18T18:38:01Z" duration-ms="69824">
      <class name="com.InetBanking.testCases.TC_CreateCustomer_001">
        <test-method is-config="true" signature="openApplication(java.lang.String)[pri:0, instance:com.InetBanking.testCases.TC_CreateCustomer_001@6f3c660a]" started-at="2019-06-18T18:36:51Z" name="openApplication" finished-at="2019-06-18T18:37:11Z" duration-ms="19909" status="PASS">
          <params>
            <param index="0">
              <value>
                <![CDATA[chrome]]>
              </value>
            </param>
          </params>
          <reporter-output>
          </reporter-output>
        </test-method> <!-- openApplication -->
        <test-method signature="createCustomerTest()[pri:0, instance:com.InetBanking.testCases.TC_CreateCustomer_001@6f3c660a]" started-at="2019-06-18T18:37:11Z" name="createCustomerTest" finished-at="2019-06-18T18:38:00Z" duration-ms="49211" status="PASS">
          <reporter-output>
          </reporter-output>
        </test-method> <!-- createCustomerTest -->
        <test-method is-config="true" signature="closeApplication(org.testng.ITestResult)[pri:0, instance:com.InetBanking.testCases.TC_CreateCustomer_001@6f3c660a]" started-at="2019-06-18T18:38:00Z" name="closeApplication" finished-at="2019-06-18T18:38:01Z" duration-ms="280" status="PASS">
          <params>
            <param index="0">
              <value>
                <![CDATA[[TestResult name=createCustomerTest status=SUCCESS method=TC_CreateCustomer_001.createCustomerTest()[pri:0, instance:com.InetBanking.testCases.TC_CreateCustomer_001@6f3c660a] output={null}]]]>
              </value>
            </param>
          </params>
          <reporter-output>
          </reporter-output>
        </test-method> <!-- closeApplication -->
      </class> <!-- com.InetBanking.testCases.TC_CreateCustomer_001 -->
    </test> <!-- ChromeTest -->
  </suite> <!-- INetBankingV2 -->
</testng-results>
